生成启动时间为 2021/1/21 10:55:50。
     1>项目“C:\Users\ZBL\Desktop\http\SockServer\Socke\Socke.vcxproj”在节点 2 上(Build 个目标)。
     1>ClCompile:
         D:\Soft\VS2013\VC\bin\CL.exe /c /Iinc /ZI /nologo /W3 /WX- /sdl /Od /Oy- /D _CRT_SECURE_NO_WARNINGS /D _MBCS /Gm /EHsc /RTC1 /MDd /GS /fp:precise /Zc:wchar_t /Zc:forScope /Fo"Debug\\" /Fd"Debug\vc120.pdb" /Gd /TP /analyze- /errorReport:prompt sock.cpp
         sock.cpp
     1>c:\users\zbl\desktop\http\sockserver\socke\sock.cpp(79): warning C4101: “nRet”: 未引用的局部变量
     1>c:\users\zbl\desktop\http\sockserver\socke\sock.cpp(305): warning C4553: “==”: 运算符不起任何作用；是否是有意使用“=”的?
     1>c:\users\zbl\desktop\http\sockserver\socke\sock.cpp(119): warning C4715: “SockPlateTest::Release”: 不是所有的控件路径都返回值
       Link:
         D:\Soft\VS2013\VC\bin\link.exe /ERRORREPORT:PROMPT /OUT:"C:\Users\ZBL\Desktop\http\SockServer\Debug\Socke.exe" /INCREMENTAL /NOLOGO /LIBPATH:lib kosa.lib kernel32.lib user32.lib gdi32.lib winspool.lib comdlg32.lib advapi32.lib shell32.lib ole32.lib oleaut32.lib uuid.lib odbc32.lib odbccp32.lib /MANIFEST /MANIFESTUAC:"level='asInvoker' uiAccess='false'" /manifest:embed /DEBUG /PDB:"C:\Users\ZBL\Desktop\http\SockServer\Debug\Socke.pdb" /TLBID:1 /DYNAMICBASE /NXCOMPAT /IMPLIB:"C:\Users\ZBL\Desktop\http\SockServer\Debug\Socke.lib" /MACHINE:X86 Debug\main.obj
         Debug\sock.obj
         kosa.lib(kosa.obj) : 找到 MSIL .netmodule 或使用 /GL 编译的模块；正在使用 /LTCG 重新启动链接；将 /LTCG 添加到链接命令行以改进链接器性能
     1>LINK : warning LNK4075: 忽略“/INCREMENTAL”(由于“/LTCG”规范)
     1>main.obj : warning LNK4075: 忽略“/EDITANDCONTINUE”(由于“/OPT:LBR”规范)
            正在创建库 C:\Users\ZBL\Desktop\http\SockServer\Debug\Socke.lib 和对象 C:\Users\ZBL\Desktop\http\SockServer\Debug\Socke.exp
     1>LINK : warning LNK4098: 默认库“MSVCRT”与其他库的使用冲突；请使用 /NODEFAULTLIB:library
         正在生成代码
         已完成代码的生成
     1>kosa.lib(kosa.obj) : warning LNK4099: 未找到 PDB“vc90.pdb”(使用“kosa.lib(kosa.obj)”或在“C:\Users\ZBL\Desktop\http\SockServer\Debug\vc90.pdb”中寻找)；正在链接对象，如同没有调试信息一样
     1>kosa.lib(kosa_tsk.obj) : warning LNK4099: 未找到 PDB“vc90.pdb”(使用“kosa.lib(kosa_tsk.obj)”或在“C:\Users\ZBL\Desktop\http\SockServer\Debug\vc90.pdb”中寻找)；正在链接对象，如同没有调试信息一样
     1>kosa.lib(kosa_socket.obj) : warning LNK4099: 未找到 PDB“vc90.pdb”(使用“kosa.lib(kosa_socket.obj)”或在“C:\Users\ZBL\Desktop\http\SockServer\Debug\vc90.pdb”中寻找)；正在链接对象，如同没有调试信息一样
     1>kosa.lib(kosa_debug.obj) : warning LNK4099: 未找到 PDB“vc90.pdb”(使用“kosa.lib(kosa_debug.obj)”或在“C:\Users\ZBL\Desktop\http\SockServer\Debug\vc90.pdb”中寻找)；正在链接对象，如同没有调试信息一样
     1>kosa.lib(kosa_file.obj) : warning LNK4099: 未找到 PDB“vc90.pdb”(使用“kosa.lib(kosa_file.obj)”或在“C:\Users\ZBL\Desktop\http\SockServer\Debug\vc90.pdb”中寻找)；正在链接对象，如同没有调试信息一样
     1>kosa.lib(kosa_telnetSrv.obj) : warning LNK4099: 未找到 PDB“vc90.pdb”(使用“kosa.lib(kosa_telnetSrv.obj)”或在“C:\Users\ZBL\Desktop\http\SockServer\Debug\vc90.pdb”中寻找)；正在链接对象，如同没有调试信息一样
         Socke.vcxproj -> C:\Users\ZBL\Desktop\http\SockServer\Debug\Socke.exe
     1>已完成生成项目“C:\Users\ZBL\Desktop\http\SockServer\Socke\Socke.vcxproj”(Build 个目标)的操作。

生成成功。

已用时间 00:00:00.96
